(mcraipea)Running: Start machine   [ exec-time = 763 ms  ]
(mcraipea)Running: Boil water   [ exec-time = 823 ms  ]
(mcraipea)Running: Make coffee   [ exec-time = 823 ms  ]
(mcraipea)Running: Start machine   [ exec-time = 823 ms  ]
(mcraipea)Running: Boil water   [ exec-time = 879 ms  ]
(mcraipea)Running: Make coffee   [ exec-time = 880 ms  ]
(mcraipea)Running: Start machine   [ exec-time = 880 ms  ]
(mcraipea)Running: Boil water   [ exec-time = 920 ms  ]
(mcraipea)Running: Make coffee   [ exec-time = 920 ms  ]
(mcraipea)Running: Start machine   [ exec-time = 920 ms  ]
(mcraipea)Running: Boil water   [ exec-time = 983 ms  ]
(mcraipea)Running: Make coffee   [ exec-time = 983 ms  ]
(mcraipea)Running: Start machine   [ exec-time = 983 ms  ]
(mcraipea)Running: Make coffee   [ exec-time = 984 ms  ]
(mcraipea)Running: Start machine   [ exec-time = 984 ms  ]
(mcraipea)Running: Make coffee   [ exec-time = 984 ms  ]
(mcraipea)Running: Add water   [ exec-time = 984 ms  ]
(mcraipea)Running: Start machine   [ exec-time = 1.26400000000082e-06 ]
(mcraipea)Running: Boil water   [ exec-time = 6.218999999862973e-06 ]
(mcraipea)Running: Make coffee   [ exec-time = 2.067359555 ]
(mcraipea)Running: Start machine   [ exec-time = 1.1950000002869388e-06 ]
(mcraipea)Running: Boil water   [ exec-time = 3.9870000003716655e-06 ]
(mcraipea)Running: Make coffee   [ exec-time = 2.0709143890000004 ]
(mcraipea)Running: Start machine   [ exec-time = 8.160000000145828e-07 ]
(mcraipea)Running: Boil water   [ exec-time = 4.441999999826862e-06 ]
(mcraipea)Running: Make coffee   [ exec-time = 2.060546349 ]
(mcraipea)Running: Start machine   [ exec-time = 8.509999993577821e-07 ]
(mcraipea)Running: Boil water   [ exec-time = 4.042000000481494e-06 ]
(mcraipea)Running: Make coffee   [ exec-time = 2.060250689000001 ]
(mcraipea)Running: Start machine   [ exec-time = 6.580000000866448e-06 ]
(mcraipea)Running: Make coffee   [ exec-time = 6.270800000152121e-05 ]
(mcraipea)Running: Start machine   [ exec-time = 8.068999999721882e-06 ]
(mcraipea)Running: Make coffee   [ exec-time = 8.786900000146147e-05 ]
(mcraipea)Running: Add water   [ exec-time = 1.0009593829999996 ]
(mcraipea)Running: Start machine   [ exec-time = 0.0 ]
(mcraipea)Running: Boil water   [ exec-time = 5.9604644775390625e-06 ]
(mcraipea)Running: Make coffee   [ exec-time = 2.0698609352111816 ]
(mcraipea)Running: Start machine   [ exec-time = 1.9073486328125e-06 ]
(mcraipea)Running: Boil water   [ exec-time = 3.814697265625e-06 ]
(mcraipea)Running: Make coffee   [ exec-time = 2.0561680793762207 ]
(mcraipea)Running: Start machine   [ exec-time = 1.1920928955078125e-06 ]
(mcraipea)Running: Boil water   [ exec-time = 4.0531158447265625e-06 ]
(mcraipea)Running: Make coffee   [ exec-time = 2.0638649463653564 ]
(mcraipea)Running: Start machine   [ exec-time = 1.1920928955078125e-06 ]
(mcraipea)Running: Boil water   [ exec-time = 2.86102294921875e-06 ]
(mcraipea)Running: Make coffee   [ exec-time = 2.032947063446045 ]
(mcraipea)Running: Start machine   [ exec-time = 1.3113021850585938e-05 ]
(mcraipea)Running: Make coffee   [ exec-time = 0.00047516822814941406 ]
(mcraipea)Running: Start machine   [ exec-time = 1.2159347534179688e-05 ]
(mcraipea)Running: Make coffee   [ exec-time = 0.00017690658569335938 ]
(mcraipea)Running: Add water   [ exec-time = 2.0005910396575928 ]
(mcraipea)Running: Start Machine   [ exec-time = 0.0000 ]
(mcraipea)Running: Boil Water   [ exec-time = 0.0000 ]
(mcraipea)Running: Make Coffee   [ exec-time = 2.0726 ]
(mcraipea)Running: Start Machine   [ exec-time = 0.0000 ]
(mcraipea)Running: Boil Water   [ exec-time = 0.0000 ]
(mcraipea)Running: Make Coffee   [ exec-time = 2.0446 ]
(mcraipea)Running: Start Machine   [ exec-time = 0.0000 ]
(mcraipea)Running: Boil Water   [ exec-time = 0.0000 ]
(mcraipea)Running: Make Coffee   [ exec-time = 2.0511 ]
(mcraipea)Running: Start Machine   [ exec-time = 0.0000 ]
(mcraipea)Running: Boil Water   [ exec-time = 0.0000 ]
(mcraipea)Running: Make Coffee   [ exec-time = 2.0594 ]
(mcraipea)Running: Start Machine   [ exec-time = 0.0000 ]
(mcraipea)Running: Make Coffee   [ exec-time = 0.0001 ]
(mcraipea)Running: Start Machine   [ exec-time = 0.0000 ]
(mcraipea)Running: Make Coffee   [ exec-time = 0.0001 ]
(mcraipea)Running: Add Water   [ exec-time = 5.0008 ]
(mcraipea)Running: Start Machine   [ exec-time = 0.0 ]
(mcraipea)Running: Boil Water   [ exec-time = 0.0 ]
(mcraipea)Running: Make Coffee   [ exec-time = 2.039 ]
(mcraipea)Running: Start Machine   [ exec-time = 0.0 ]
(mcraipea)Running: Boil Water   [ exec-time = 0.0 ]
(mcraipea)Running: Make Coffee   [ exec-time = 2.083 ]
(mcraipea)Running: Start Machine   [ exec-time = 0.0 ]
(mcraipea)Running: Boil Water   [ exec-time = 0.0 ]
(mcraipea)Running: Make Coffee   [ exec-time = 2.056 ]
(mcraipea)Running: Start Machine   [ exec-time = 0.0 ]
(mcraipea)Running: Boil Water   [ exec-time = 0.0 ]
(mcraipea)Running: Make Coffee   [ exec-time = 2.021 ]
(mcraipea)Running: Start Machine   [ exec-time = 0.0 ]
(mcraipea)Running: Make Coffee   [ exec-time = 0.0 ]
(mcraipea)Running: Start Machine   [ exec-time = 0.0 ]
(mcraipea)Running: Make Coffee   [ exec-time = 0.0 ]
(mcraipea)Running: Add Water   [ exec-time = 5.004 ]
(mcraipea)Running: Start Machine   [ exec-time = 1e-06 ]
(mcraipea)Running: Boil Water   [ exec-time = 7e-06 ]
(mcraipea)Running: Make Coffee   [ exec-time = 2.070222 ]
(mcraipea)Running: Start Machine   [ exec-time = 1e-06 ]
(mcraipea)Running: Boil Water   [ exec-time = 4e-06 ]
(mcraipea)Running: Make Coffee   [ exec-time = 2.075892 ]
(mcraipea)Running: Start Machine   [ exec-time = 0.0 ]
(mcraipea)Running: Boil Water   [ exec-time = 2e-06 ]
(mcraipea)Running: Make Coffee   [ exec-time = 2.044129 ]
(mcraipea)Running: Start Machine   [ exec-time = 1e-06 ]
(mcraipea)Running: Boil Water   [ exec-time = 4e-06 ]
(mcraipea)Running: Make Coffee   [ exec-time = 2.067556 ]
(mcraipea)Running: Start Machine   [ exec-time = 1.7e-05 ]
(mcraipea)Running: Make Coffee   [ exec-time = 0.000111 ]
(mcraipea)Running: Start Machine   [ exec-time = 9e-06 ]
(mcraipea)Running: Make Coffee   [ exec-time = 0.000215 ]
(mcraipea)Running: Add Water   [ exec-time = 5.004878 ]
